[00:23:52] [ServerMain/INFO]: Environment: authHost='https://authserver.mojang.com', accountsHost='https://api.mojang.com', sessionHost='https://sessionserver.mojang.com', servicesHost='https://api.minecraftservices.com', name='PROD'
[00:23:55] [ServerMain/INFO]: Loaded 7 recipes
[00:23:55] [Server thread/INFO]: Starting minecraft server version 1.20.1
[00:23:55] [Server thread/INFO]: Loading properties
[00:23:55] [Server thread/INFO]: This server is running Paper version git-Paper-196 (MC: 1.20.1) (Implementing API version 1.20.1-R0.1-SNAPSHOT) (Git: 773dd72)
[00:23:56] [Server thread/INFO]: Server Ping Player Sample Count: 12
[00:23:56] [Server thread/INFO]: Using 4 threads for Netty based IO
[00:23:56] [Server thread/WARN]: [!] The timings profiler has been enabled but has been scheduled for removal from Paper in the future.
    We recommend installing the spark profiler as a replacement: https://spark.lucko.me/
    For more information please visit: https://github.com/PaperMC/Paper/issues/8948
[00:23:56] [Server thread/INFO]: [ChunkTaskScheduler] Chunk system is using 1 I/O threads, 1 worker threads, and gen parallelism of 1 threads
[00:23:56] [Server thread/INFO]: Default game type: SURVIVAL
[00:23:56] [Server thread/INFO]: Generating keypair
[00:23:56] [Server thread/INFO]: Starting Minecraft server on *:25565
[00:23:56] [Server thread/INFO]: Using epoll channel type
[00:23:56] [Server thread/INFO]: Paper: Using libdeflate (Linux x86_64) compression from Velocity.
[00:23:56] [Server thread/INFO]: Paper: Using OpenSSL 3.0.x (Linux x86_64) cipher from Velocity.
[00:23:56] [Server thread/INFO]: Server permissions file permissions.yml is empty, ignoring it
[00:23:56] [Server thread/WARN]: **** SERVER IS RUNNING IN OFFLINE/INSECURE MODE!
[00:23:56] [Server thread/WARN]: The server will make no attempt to authenticate usernames. Beware.
[00:23:56] [Server thread/WARN]: While this makes the game possible to play without internet access, it also opens up the ability for hackers to connect with any username they choose.
[00:23:56] [Server thread/WARN]: To change this, set "online-mode" to "true" in the server.properties file.
[00:23:56] [Server thread/INFO]: Preparing level "world"
[00:23:57] [Server thread/INFO]: Preparing start region for dimension minecraft:overworld
[00:23:57] [Server thread/INFO]: Time elapsed: 311 ms
[00:23:57] [Server thread/INFO]: Preparing start region for dimension minecraft:the_nether
[00:23:57] [Server thread/INFO]: Time elapsed: 90 ms
[00:23:57] [Server thread/INFO]: Preparing start region for dimension minecraft:the_end
[00:23:57] [Server thread/INFO]: Time elapsed: 58 ms
[00:23:57] [Server thread/INFO]: Running delayed init tasks
[00:23:57] [Server thread/INFO]: Done (2.401s)! For help, type "help"
[00:23:57] [Server thread/INFO]: Timings Reset
[00:24:01] [User Authenticator #0/INFO]: UUID of player zTrySantiago_XO is 77acf0b0-8f81-3ef1-8323-78f798255cfa
[00:24:01] [Server thread/INFO]: zTrySantiago_XO joined the game
[00:24:01] [Server thread/INFO]: zTrySantiago_XO[/127.114.208.134:35299] logged in with entity id 123 at ([world]-37.5, 64.0, -74.5)
[00:28:18] [Server thread/INFO]: Unknown command. Type "/help" for help.
[00:28:29] [Server thread/INFO]: zTrySantiago_XO issued server command: /gamemode c
[00:28:31] [Server thread/INFO]: zTrySantiago_XO issued server command: /op
[00:28:50] [Server thread/INFO]: Made zTrySantiago_XO{ a server operator
[00:29:03] [Server thread/INFO]: Made zTrySantiago_XO a server operator
[00:29:09] [Server thread/INFO]: zTrySantiago_XO issued server command: /gamemode creative
[00:29:09] [Server thread/INFO]: [zTrySantiago_XO: Set own game mode to Creative Mode]
[00:29:23] [Server thread/INFO]: zTrySantiago_XO issued server command: /tp 0 64 0
[00:29:23] [Server thread/INFO]: [zTrySantiago_XO: Teleported zTrySantiago_XO to 0.500000, 64.000000, 0.500000]
[00:29:29] [Server thread/INFO]: zTrySantiago_XO issued server command: /kill
[00:29:29] [Server thread/INFO]: zTrySantiago_XO was killed
[00:29:29] [Server thread/INFO]: [zTrySantiago_XO: Killed zTrySantiago_XO]
[00:33:03] [Server thread/INFO]: zTrySantiago_XO issued server command: /time set day
[00:33:03] [Server thread/INFO]: [zTrySantiago_XO: Set the time to 1000]
[00:37:14] [Server thread/INFO]: zTrySantiago_XO issued server command: /give @a minecraft:command_block
[00:37:14] [Server thread/INFO]: [zTrySantiago_XO: Gave 1 [Command Block] to zTrySantiago_XO]
[00:47:17] [Server thread/INFO]: Unknown command. Type "/help" for help.
[00:50:11] [Server thread/INFO]: zTrySantiago_XO issued server command: /scoreboard objectives add muertes deathCount
[00:50:11] [Server thread/INFO]: [zTrySantiago_XO: Created new objective [muertes]]
[00:53:14] [Server thread/INFO]: zTrySantiago_XO issued server command: /server
[00:54:59] [Server thread/INFO]: zTrySantiago_XO lost connection: Disconnected
[00:54:59] [Server thread/INFO]: zTrySantiago_XO left the game
[00:54:59] [Server thread/INFO]: Stopping server
[00:54:59] [Server thread/INFO]: Saving players
[00:54:59] [Server thread/INFO]: Saving worlds
[00:54:59] [Server thread/INFO]: Saving chunks for level 'ServerLevel[world]'/minecraft:overworld
[00:54:59] [Server thread/INFO]: [ChunkHolderManager] Waiting 60s for chunk system to halt for world 'world'
[00:54:59] [Server thread/INFO]: [ChunkHolderManager] Halted chunk system for world 'world'
[00:54:59] [Server thread/INFO]: [ChunkHolderManager] Saving all chunkholders for world 'world'
[00:55:00] [Server thread/INFO]: [ChunkHolderManager] Saved 1498 block chunks, 151 entity chunks, 0 poi chunks in world 'world' in 0.67s
[00:55:00] [Server thread/INFO]: ThreadedAnvilChunkStorage (world): All chunks are saved
[00:55:00] [Server thread/INFO]: Saving chunks for level 'ServerLevel[world_nether]'/minecraft:the_nether
[00:55:00] [Server thread/INFO]: [ChunkHolderManager] Waiting 60s for chunk system to halt for world 'world_nether'
[00:55:00] [Server thread/INFO]: [ChunkHolderManager] Halted chunk system for world 'world_nether'
[00:55:00] [Server thread/INFO]: [ChunkHolderManager] Saving all chunkholders for world 'world_nether'
[00:55:00] [Server thread/INFO]: [ChunkHolderManager] Saved 0 block chunks, 9 entity chunks, 0 poi chunks in world 'world_nether' in 0.00s
[00:55:00] [Server thread/INFO]: ThreadedAnvilChunkStorage (DIM-1): All chunks are saved
[00:55:00] [Server thread/INFO]: Saving chunks for level 'ServerLevel[world_the_end]'/minecraft:the_end
[00:55:00] [Server thread/INFO]: [ChunkHolderManager] Waiting 60s for chunk system to halt for world 'world_the_end'
[00:55:00] [Server thread/INFO]: [ChunkHolderManager] Halted chunk system for world 'world_the_end'
[00:55:00] [Server thread/INFO]: [ChunkHolderManager] Saving all chunkholders for world 'world_the_end'
[00:55:00] [Server thread/INFO]: [ChunkHolderManager] Saved 10 block chunks, 10 entity chunks, 0 poi chunks in world 'world_the_end' in 0.01s
[00:55:00] [Server thread/INFO]: ThreadedAnvilChunkStorage (DIM1): All chunks are saved
[00:55:00] [Server thread/INFO]: ThreadedAnvilChunkStorage: All dimensions are saved
[00:55:00] [Server thread/INFO]: Flushing Chunk IO
[00:55:00] [Server thread/INFO]: Closing Thread Pool
[00:55:00] [Server thread/INFO]: Closing Server
